라이브러리 로드 완료
3월 데이터 로딩 중...
데이터 로드 완료: 2,444,338행

=== 3월 데이터 기본 통계 ===
총 상가 수: 2,444,338
시도 수: 17
시군구 수: 228
행정동 수: 3164

업종별 분포 (상위 5개):
  음식: 781,872 (32.0%)
  소매: 617,719 (25.3%)
  수리·개인: 297,081 (12.2%)
  과학·기술: 238,604 (9.8%)
  부동산: 114,889 (4.7%)

  서울 지역 상가 수: 474,260

서울 구별 상가 수 (상위 10개):
  강남구: 55,953
  서초구: 33,742
  송파구: 29,691
  마포구: 26,223
  영등포구: 25,004
  강서구: 23,419
  중구: 22,359
  종로구: 18,558
  관악구: 17,412
  구로구: 16,279

서울 구별 업종 다양성 (상위 10개):
  강남구: 74개 업종
  강동구: 74개 업종
  중구: 74개 업종
  종로구: 74개 업종
  은평구: 74개 업종
  영등포구: 74개 업종
  양천구: 74개 업종
  송파구: 74개 업종
  성북구: 74개 업종
  성동구: 74개 업종

=== 전국 주요 시도별 상권 현황 ===

상가수 기준 상위 6개 시도:
  경기도: 554,709개 (22.7%)
    - 업종 다양성: 75개
    - 프랜차이즈 비율: 0.32%
    - 주요 업종: 음식(29.9%), 소매(24.7%)
  서울특별시: 474,260개 (19.4%)
    - 업종 다양성: 74개
    - 프랜차이즈 비율: 0.26%
    - 주요 업종: 음식(27.2%), 소매(22.0%)
  경상남도: 163,973개 (6.7%)
    - 업종 다양성: 75개
    - 프랜차이즈 비율: 0.23%
    - 주요 업종: 음식(37.1%), 소매(25.8%)
  부산광역시: 149,567개 (6.1%)
    - 업종 다양성: 74개
    - 프랜차이즈 비율: 0.33%
    - 주요 업종: 음식(33.8%), 소매(26.5%)
  경상북도: 136,508개 (5.6%)
    - 업종 다양성: 74개
    - 프랜차이즈 비율: 0.17%
    - 주요 업종: 음식(36.9%), 소매(27.4%)
  인천광역시: 112,343개 (4.6%)
    - 업종 다양성: 75개
    - 프랜차이즈 비율: 0.30%
    - 주요 업종: 음식(32.4%), 소매(24.9%)

=== 전국 통합 상권 히트맵 생성 ===
=== 전체 시도별 개별 상권 히트맵 ===
경기도 히트맵 생성 완료
서울특별시 히트맵 생성 완료
경상남도 히트맵 생성 완료
부산광역시 히트맵 생성 완료
경상북도 히트맵 생성 완료
인천광역시 히트맵 생성 완료
대구광역시 히트맵 생성 완료
충청남도 히트맵 생성 완료
강원도 히트맵 생성 완료
전라남도 히트맵 생성 완료
전라북도 히트맵 생성 완료
충청북도 히트맵 생성 완료
광주광역시 히트맵 생성 완료
대전광역시 히트맵 생성 완료
제주특별자치도 히트맵 생성 완료
울산광역시 히트맵 생성 완료
세종특별자치시 히트맵 생성 완료
=== 주요 인사이트 ===
1. 상가 규모:
   - 최다 상가 지역: 경기도 (554,709개)

2. 업종 다양성:
   - 가장 다양한 지역: 경기도 (75개 업종)

3. 프랜차이즈 진출:
   - 프랜차이즈 비율 최고: 세종특별자치시 (0.42%)
   - 프랜차이즈 비율 최저: 강원도 (0.15%)

4. 지역별 특성:
   - 경기도: 다양성 + 프랜차이즈 활발
   - 서울특별시: 집중형 + 개인사업 중심
   - 경상남도: 다양성 + 개인사업 중심
   - 부산광역시: 집중형 + 프랜차이즈 활발
   - 경상북도: 집중형 + 개인사업 중심
   - 인천광역시: 다양성 + 프랜차이즈 활발
   - 대구광역시: 다양성 + 개인사업 중심
   - 충청남도: 집중형 + 개인사업 중심
   - 강원도: 집중형 + 개인사업 중심
   - 전라남도: 다양성 + 개인사업 중심
   - 전라북도: 집중형 + 개인사업 중심
   - 충청북도: 집중형 + 개인사업 중심
   - 광주광역시: 집중형 + 프랜차이즈 활발
   - 대전광역시: 집중형 + 프랜차이즈 활발
   - 제주특별자치도: 집중형 + 개인사업 중심
   - 울산광역시: 집중형 + 프랜차이즈 활발
   - 세종특별자치시: 집중형 + 프랜차이즈 활발

03월 데이터 로딩 중...
03월 데이터: 2,444,338개 상가

06월 데이터 로딩 중...
06월 데이터: 2,504,940개 상가

09월 데이터 로딩 중...
09월 데이터: 2,260,308개 상가

12월 데이터 로딩 중...
12월 데이터: 2,499,482개 상가

월별 상가 통계:
          총상가수      음식점수      소매점수   프랜차이즈수   프랜차이즈비율
03월  2444338.0  781872.0  617719.0   6515.0  0.266534
06월  2504940.0  833923.0  621389.0  27734.0  1.107172
09월  2260308.0  745230.0  556391.0  29697.0  1.313847
12월  2499482.0  823083.0  616099.0  46935.0  1.877789

업종 집중도가 높은 지역 (Top 10):
  서귀포시: HHI = 0.0712
  경주시: HHI = 0.0636
  여수시: HHI = 0.0622
  구미시: HHI = 0.0564
  제주시: HHI = 0.0548
  김해시: HHI = 0.0546
  춘천시: HHI = 0.0545
  진주시: HHI = 0.0538
  원주시: HHI = 0.0536
  중구: HHI = 0.0522
== 상권 활성화 분석 결과 ===
상권 활성화 지수 상위 10개 지역:
  중구: 1.000 (업종 75개, 상가 75,942개)
  서구: 0.962 (업종 75개, 상가 70,184개)
  강남구: 0.886 (업종 75개, 상가 58,628개)
  북구: 0.843 (업종 74개, 상가 53,146개)
  동구: 0.826 (업종 74개, 상가 50,479개)
  남구: 0.792 (업종 74개, 상가 45,399개)
  제주시: 0.758 (업종 74개, 상가 40,134개)
  서초구: 0.733 (업종 75개, 상가 35,352개)
  화성시: 0.721 (업종 74개, 상가 34,618개)
  부천시: 0.715 (업종 74개, 상가 33,622개)

전국 평균 HHI: 0.0467
업종 집중도가 높은 지역 (HHI > 0.2): 0개
업종 다양성이 높은 지역 (HHI < 0.1): 50개

=== 업종별 특화 분석 결과 ===
1. 특화지수 상위 지역 (LQ > 1.2):

   과학·기술:
     - 서울특별시: LQ = 1.82

   부동산:
     - 서울특별시: LQ = 1.25
     - 경기도: LQ = 1.20

2. 프랜차이즈 비율이 높은 업종 (상위 5개):
   - 과학·기술: 100.00% (1,137.0개/1,137.0개)
   - 교육: 100.00% (1,016.0개/1,016.0개)
   - 보건의료: 100.00% (123.0개/123.0개)
   - 부동산: 100.00% (81.0개/81.0개)
   - 소매: 100.00% (11,890.0개/11,890.0개)

3. 음식점 중분류 상위 5개:
   - 한식: 342,537개 (41.6%)
   - 기타 간이: 162,381개 (19.7%)
   - 비알코올 : 118,613개 (14.4%)
   - 주점: 106,370개 (12.9%)
   - 중식: 31,276개 (3.8%)
=== 핵심 비즈니스 인사이트 ===

1. 업종별 프랜차이즈 침투율:
   - 음식: 3.4%
   - 소매: 1.9%
   - 예술·스포츠: 1.5%
   - 교육: 0.9%
   - 수리·개인: 0.7%

2. 주요 지역별 특화 업종:

3. 분기별 상권 성장 트렌드:
   - 03월→06월: +2.48%
   - 06월→09월: -9.77%
   - 09월→12월: +10.58%

4. 상권 특성별 지역 분류:
   - 업종 집중형 지역: 
   - 업종 다양형 지역: 의정부시, 구로구, 강남구
3월 데이터 형태: (2444338, 39)
컬럼: ['상가업소번호', '상호명', '지점명', '상권업종대분류코드', '상권업종대분류명', '상권업종중분류코드', '상권업종중분류명', '상권업종소분류코드', '상권업종소분류명', '표준산업분류코드', '표준산업분류명', '시도코드', '시도명', '시군구코드', '시군구명', '행정동코드', '행정동명', '법정동코드', '법정동명', '지번코드', '대지구분코드', '대지구분명', '지번본번지', '지번부번지', '지번주소', '도로명코드', '도로명', '건물본번지', '건물부번지', '건물관리번호', '건물명', '도로명주소', '구우편번호', '신우편번호', '동정보', '층정보', '호정보', '경도', '위도']

시도별 업종 분포 데이터 준비 완료
분석 대상 시도 수: 17
업종 대분류 수: 10

업종 대분류: ['과학·기술', '교육', '보건의료', '부동산', '소매', '수리·개인', '숙박', '시설관리·임대', '예술·스포츠', '음식']
=== diversity_df 정의 및 다양성 지수 계산 ===
2024년 3월 데이터 로딩 완료: 2,444,338개 상가
diversity_df 정의 완료
분석 대상 지역 수: 17

상위 5개 지역:
       시도명  섀넌다양성지수      HHI지수     균등도
0    서울특별시   1.9413  1757.2535  0.8431
1  세종특별자치시   1.9219  1852.9423  0.8347
2      경기도   1.9081  1875.0155  0.8287
3  제주특별자치도   1.8921  1968.1907  0.8217
4    인천광역시   1.8752  1994.4188  0.8144
==================================================

== 종합 다양성 점수 계산 (comprehensive_ranking 정의) ===
종합 다양성 점수 계산 완료
       시도명   종합다양성점수  순위
0    서울특별시  1.000000   1
1  세종특별자치시  0.856816   2
2      경기도  0.805250   3
3  제주특별자치도  0.676203   4
4    광주광역시  0.627921   5
5    인천광역시  0.615075   6
6    대전광역시  0.424633   7
7    부산광역시  0.340503   8
8    대구광역시  0.329070   9
9     충청남도  0.251438  10
==================================================
=== 개선된 다양성 지수 분석 결과 ===

상위 10개 지역 (섀넌 다양성 지수 기준):
       시도명  섀넌다양성지수   HHI지수  역HHI지수     균등도 주요업종  주요업종비율
0    서울특별시   1.9413  0.1757  5.6907  0.8431   음식  0.2723
1  세종특별자치시   1.9219  0.1853  5.3968  0.8347   음식  0.3248
2      경기도   1.9081  0.1875  5.3333  0.8287   음식  0.2991
3  제주특별자치도   1.8921  0.1968  5.0808  0.8217   음식  0.3417
4    인천광역시   1.8752  0.1994  5.0140  0.8144   음식  0.3236
5    광주광역시   1.8673  0.1966  5.0874  0.8109   음식  0.2977
6    대전광역시   1.8234  0.2080  4.8088  0.7919   음식  0.3155
7    부산광역시   1.8143  0.2147  4.6571  0.7880   음식  0.3377
8    대구광역시   1.8036  0.2136  4.6812  0.7833   음식  0.3247
9     충청남도   1.8013  0.2213  4.5187  0.7823   음식  0.3470

하위 5개 지역 (섀넌 다양성 지수 기준):
     시도명  섀넌다양성지수   HHI지수  역HHI지수     균등도 주요업종  주요업종비율
12  전라북도   1.7931  0.2211  4.5233  0.7787   음식  0.3179
13  충청북도   1.7893  0.2247  4.4506  0.7771   음식  0.3567
14  경상남도   1.7733  0.2305  4.3390  0.7701   음식  0.3715
15  전라남도   1.7563  0.2320  4.3107  0.7628   음식  0.3521
16  경상북도   1.7458  0.2362  4.2333  0.7582   음식  0.3694

=== 다양성 지수 통계 요약 ===
       섀넌다양성지수  심슨다양성지수    HHI지수   역HHI지수      균등도
count  17.0000  17.0000  17.0000  17.0000  17.0000
mean    1.8293   0.7888   0.2112   4.7700   0.7945
std     0.0597   0.0180   0.0180   0.4267   0.0259
min     1.7458   0.7638   0.1757   4.2333   0.7582
25%     1.7931   0.7768   0.1968   4.4794   0.7787
50%     1.8036   0.7853   0.2147   4.6571   0.7833
75%     1.8752   0.8032   0.2232   5.0808   0.8144
max     1.9413   0.8243   0.2362   5.6907   0.8431

=== 업종별 지역 특화도 분석 ===

=== 상위 특화 업종 및 지역 (LQ > 1.5) ===
         시도명     업종  특화도(LQ)   지역비율   전국비율
146  제주특별자치도     숙박    4.682  0.121  0.026
6        강원도     숙박    3.012  0.078  0.026
91   세종특별자치시     교육    1.965  0.083  0.042
93   세종특별자치시    부동산    1.921  0.090  0.047
80     서울특별시  과학·기술    1.835  0.179  0.098
126     전라남도     숙박    1.797  0.046  0.026
82     서울특별시   보건의료    1.573  0.015  0.010
36      경상북도     숙박    1.551  0.040  0.026
156     충청남도     숙박    1.550  0.040  0.026

=== 지역별 특화 업종 개수 (LQ > 1.2) ===
        시도명  특화업종수
5     서울특별시      4
6   세종특별자치시      3
10  제주특별자치도      2
0       강원도      1
1       경기도      1
2      경상남도      1
3      경상북도      1
4     광주광역시      1
7     인천광역시      1
8      전라남도      1
9      전라북도      1
11     충청남도      1

=== 다양성 지수와 특화 업종 수의 상관관계 ===
         섀넌다양성지수  심슨다양성지수  HHI지수  특화업종수
섀넌다양성지수    1.000    0.989 -0.989  0.679
심슨다양성지수    0.989    1.000 -1.000  0.641
HHI지수     -0.989   -1.000  1.000 -0.641
특화업종수      0.679    0.641 -0.641  1.000

=== 주요 발견사항 ===
1. 전체 시도 중 특화 업종이 가장 많은 지역: 서울특별시 (4개)
2. 특화 업종이 가장 적은 지역: 충청남도 (1개)
3. 섀넌 다양성과 특화업종수 상관계수: 0.679
4. HHI와 특화업종수 상관계수: -0.641

5. 다양성과 특화도가 모두 높은 '균형잡힌' 지역:
   - 서울특별시: 종합다양성점수 1.000, 특화업종수 4.0개
   - 세종특별자치시: 종합다양성점수 0.857, 특화업종수 3.0개
   - 제주특별자치도: 종합다양성점수 0.676, 특화업종수 2.0개

=== 주요 시도별 시군구 상세 다양성 분석 ===

============================================================
=== 서울특별시 시군구별 상세 다양성 분석 ===
============================================================
서울특별시 시군구별 다양성 분석 결과 (상위 10개 지역):
   시군구명  섀넌다양성지수   HHI지수     균등도   주요업종  주요업종비율
0   동작구   1.9664  0.1775  0.8540     음식  0.3090
1   송파구   1.9522  0.1704  0.8478     음식  0.2538
2   강서구   1.9502  0.1724  0.8470     음식  0.2787
3   강남구   1.9441  0.1792  0.8443  과학·기술  0.3040
4   양천구   1.9383  0.1742  0.8418     음식  0.2655
5   강동구   1.9344  0.1813  0.8401     음식  0.2848
6   관악구   1.9310  0.1852  0.8386     음식  0.3181
7  서대문구   1.9198  0.1878  0.8337     음식  0.3207
8   광진구   1.9158  0.1845  0.8320     음식  0.2964
9  영등포구   1.9124  0.1821  0.8305     음식  0.2737

=== 서울특별시 시군구별 다양성 분석 요약 ===
다양성이 가장 높은 지역: 동작구 (섀넌지수: 1.966)
다양성이 가장 낮은 지역: 중구 (섀넌지수: 1.764)
평균 섀넌 다양성 지수: 1.892
평균 HHI 지수: 0.190
분석 대상 시군구 수: 25개
상위 20% 다양성 지역: 동작구, 송파구, 강서구, 강남구, 양천구

============================================================
=== 경기도 시군구별 상세 다양성 분석 ===
============================================================
경기도 시군구별 다양성 분석 결과 (상위 10개 지역):
      시군구명  섀넌다양성지수   HHI지수     균등도 주요업종  주요업종비율
0  용인시 수지구   1.9630  0.1683  0.8525   음식  0.2562
1  성남시 수정구   1.9551  0.1781  0.8491   음식  0.2895
2  성남시 분당구   1.9414  0.1736  0.8431   음식  0.2647
3  용인시 기흥구   1.9407  0.1699  0.8428   음식  0.2424
4      양평군   1.9370  0.1821  0.8412   음식  0.3120
5  수원시 영통구   1.9307  0.1754  0.8385   음식  0.2869
6  안양시 동안구   1.9293  0.1738  0.8379   음식  0.2588
7  안산시 단원구   1.9238  0.1857  0.8355   음식  0.3082
8      하남시   1.9196  0.1740  0.8337   소매  0.2346
9  성남시 중원구   1.9189  0.1835  0.8334   음식  0.2809

=== 경기도 시군구별 다양성 분석 요약 ===
다양성이 가장 높은 지역: 용인시 수지구 (섀넌지수: 1.963)
다양성이 가장 낮은 지역: 동두천시 (섀넌지수: 1.688)
평균 섀넌 다양성 지수: 1.874
평균 HHI 지수: 0.195
분석 대상 시군구 수: 42개
상위 20% 다양성 지역: 용인시 수지구, 성남시 수정구, 성남시 분당구, 용인시 기흥구, 양평군, 수원시 영통구, 안양시 동안구, 안산시 단원구, 하남시

============================================================
=== 강원도 시군구별 상세 다양성 분석 ===
============================================================
강원도 시군구별 다양성 분석 결과 (상위 10개 지역):
  시군구명  섀넌다양성지수   HHI지수     균등도 주요업종  주요업종비율
0  춘천시   1.8291  0.2149  0.7944   음식  0.3564
1  원주시   1.8006  0.2198  0.7820   음식  0.3497
2  영월군   1.7993  0.2084  0.7814   음식  0.3121
3  강릉시   1.7949  0.2252  0.7795   음식  0.3823
4  홍천군   1.7943  0.2169  0.7793   음식  0.3463
5  횡성군   1.7844  0.2261  0.7750   음식  0.3735
6  평창군   1.7834  0.2189  0.7745   음식  0.3612
7  양양군   1.7774  0.2183  0.7719   음식  0.3415
8  고성군   1.7349  0.2265  0.7534   음식  0.3509
9  철원군   1.7329  0.2385  0.7526   음식  0.3751

=== 강원도 시군구별 다양성 분석 요약 ===
다양성이 가장 높은 지역: 춘천시 (섀넌지수: 1.829)
다양성이 가장 낮은 지역: 태백시 (섀넌지수: 1.649)
평균 섀넌 다양성 지수: 1.742
평균 HHI 지수: 0.232
분석 대상 시군구 수: 18개
상위 20% 다양성 지역: 춘천시, 원주시, 영월군, 강릉시

============================================================
=== 충청남도 시군구별 상세 다양성 분석 ===
============================================================
충청남도 시군구별 다양성 분석 결과 (상위 10개 지역):
      시군구명  섀넌다양성지수   HHI지수     균등도 주요업종  주요업종비율
0  천안시 서북구   1.8507  0.2055  0.8038   음식  0.3436
1  천안시 동남구   1.8356  0.2083  0.7972   음식  0.3184
2      아산시   1.8053  0.2205  0.7840   음식  0.3629
3      계룡시   1.7897  0.2249  0.7773   음식  0.3663
4      공주시   1.7645  0.2321  0.7663   음식  0.3667
5      보령시   1.7526  0.2300  0.7611   음식  0.3561
6      당진시   1.7460  0.2349  0.7583   음식  0.3708
7      서산시   1.7459  0.2351  0.7583   음식  0.3649
8      논산시   1.7350  0.2353  0.7535   음식  0.3277
9      홍성군   1.7260  0.2383  0.7496   음식  0.3608

=== 충청남도 시군구별 다양성 분석 요약 ===
다양성이 가장 높은 지역: 천안시 서북구 (섀넌지수: 1.851)
다양성이 가장 낮은 지역: 청양군 (섀넌지수: 1.586)
평균 섀넌 다양성 지수: 1.731
평균 HHI 지수: 0.237
분석 대상 시군구 수: 16개
상위 20% 다양성 지역: 천안시 서북구, 천안시 동남구, 아산시

============================================================
=== 충청북도 시군구별 상세 다양성 분석 ===
============================================================
충청북도 시군구별 다양성 분석 결과 (상위 10개 지역):
      시군구명  섀넌다양성지수   HHI지수     균등도 주요업종  주요업종비율
0  청주시 흥덕구   1.8267  0.2114  0.7933   음식  0.3345
1  청주시 서원구   1.8220  0.2071  0.7913   음식  0.3229
2  청주시 청원구   1.8057  0.2174  0.7842   음식  0.3585
3  청주시 상당구   1.7961  0.2203  0.7800   음식  0.3270
4      음성군   1.7866  0.2219  0.7759   음식  0.3664
5      제천시   1.7543  0.2323  0.7619   음식  0.3614
6      진천군   1.7304  0.2454  0.7515   음식  0.4016
7      충주시   1.7278  0.2423  0.7504   음식  0.3843
8      괴산군   1.7061  0.2434  0.7409   음식  0.3773
9      단양군   1.6921  0.2406  0.7349   음식  0.3751

=== 충청북도 시군구별 다양성 분석 요약 ===
다양성이 가장 높은 지역: 청주시 흥덕구 (섀넌지수: 1.827)
다양성이 가장 낮은 지역: 증평군 (섀넌지수: 1.654)
평균 섀넌 다양성 지수: 1.737
평균 HHI 지수: 0.236
분석 대상 시군구 수: 14개
상위 20% 다양성 지역: 청주시 흥덕구, 청주시 서원구, 청주시 청원구

============================================================
=== 전라남도 시군구별 상세 다양성 분석 ===
============================================================
전라남도 시군구별 다양성 분석 결과 (상위 10개 지역):
  시군구명  섀넌다양성지수   HHI지수     균등도 주요업종  주요업종비율
0  나주시   1.8425  0.2085  0.8002   음식  0.3436
1  장성군   1.8021  0.2176  0.7826   음식  0.3247
2  순천시   1.7989  0.2193  0.7812   음식  0.3300
3  무안군   1.7701  0.2295  0.7687   음식  0.3328
4  화순군   1.7690  0.2290  0.7683   음식  0.3590
5  담양군   1.7591  0.2334  0.7640   음식  0.3627
6  광양시   1.7454  0.2373  0.7580   음식  0.3869
7  목포시   1.7451  0.2319  0.7579   음식  0.3422
8  여수시   1.7421  0.2368  0.7566   음식  0.3760
9  곡성군   1.7321  0.2357  0.7523   음식  0.3382

=== 전라남도 시군구별 다양성 분석 요약 ===
다양성이 가장 높은 지역: 나주시 (섀넌지수: 1.843)
다양성이 가장 낮은 지역: 진도군 (섀넌지수: 1.625)
평균 섀넌 다양성 지수: 1.712
평균 HHI 지수: 0.241
분석 대상 시군구 수: 22개
상위 20% 다양성 지역: 나주시, 장성군, 순천시, 무안군, 화순군

============================================================
=== 전라북도 시군구별 상세 다양성 분석 ===
============================================================
전라북도 시군구별 다양성 분석 결과 (상위 10개 지역):
      시군구명  섀넌다양성지수   HHI지수     균등도 주요업종  주요업종비율
0  전주시 덕진구   1.8873  0.1923  0.8196   음식  0.2952
1  전주시 완산구   1.8543  0.2043  0.8053   소매  0.2992
2      무주군   1.7842  0.2124  0.7749   음식  0.3180
3      완주군   1.7672  0.2338  0.7675   음식  0.3640
4      군산시   1.7529  0.2314  0.7613   음식  0.3351
5      익산시   1.7304  0.2343  0.7515   소매  0.3241
6      장수군   1.7087  0.2439  0.7421   음식  0.3768
7      부안군   1.7015  0.2421  0.7390   음식  0.3437
8      정읍시   1.7012  0.2416  0.7388   음식  0.3358
9      고창군   1.6897  0.2497  0.7338   음식  0.3388

=== 전라북도 시군구별 다양성 분석 요약 ===
다양성이 가장 높은 지역: 전주시 덕진구 (섀넌지수: 1.887)
다양성이 가장 낮은 지역: 순창군 (섀넌지수: 1.618)
평균 섀넌 다양성 지수: 1.719
평균 HHI 지수: 0.239
분석 대상 시군구 수: 15개
상위 20% 다양성 지역: 전주시 덕진구, 전주시 완산구, 무주군

============================================================
=== 경상북도 시군구별 상세 다양성 분석 ===
============================================================
경상북도 시군구별 다양성 분석 결과 (상위 10개 지역):
     시군구명  섀넌다양성지수   HHI지수     균등도 주요업종  주요업종비율
0     구미시   1.7787  0.2237  0.7725   음식  0.3569
1     경산시   1.7733  0.2244  0.7702   음식  0.3554
2  포항시 북구   1.7650  0.2297  0.7665   음식  0.3400
3     경주시   1.7600  0.2328  0.7644   음식  0.3814
4     청도군   1.7551  0.2352  0.7622   음식  0.3953
5     안동시   1.7439  0.2328  0.7574   음식  0.3526
6  포항시 남구   1.7272  0.2414  0.7501   음식  0.3896
7     문경시   1.7127  0.2428  0.7438   음식  0.3706
8     칠곡군   1.7096  0.2437  0.7425   음식  0.3729
9     김천시   1.7073  0.2451  0.7415   음식  0.3778

=== 경상북도 시군구별 다양성 분석 요약 ===
다양성이 가장 높은 지역: 구미시 (섀넌지수: 1.779)
다양성이 가장 낮은 지역: 청송군 (섀넌지수: 1.525)
평균 섀넌 다양성 지수: 1.681
평균 HHI 지수: 0.251
분석 대상 시군구 수: 24개
상위 20% 다양성 지역: 구미시, 경산시, 포항시 북구, 경주시, 청도군

============================================================
=== 경상남도 시군구별 상세 다양성 분석 ===
============================================================
경상남도 시군구별 다양성 분석 결과 (상위 10개 지역):
        시군구명  섀넌다양성지수   HHI지수     균등도 주요업종  주요업종비율
0    창원시 성산구   1.8396  0.2084  0.7989   음식  0.3476
1    창원시 의창구   1.8162  0.2112  0.7888   음식  0.3373
2        양산시   1.7809  0.2263  0.7734   음식  0.3712
3        거제시   1.7804  0.2305  0.7732   음식  0.3902
4        김해시   1.7714  0.2251  0.7693   음식  0.3523
5        진주시   1.7657  0.2299  0.7668   음식  0.3608
6  창원시 마산회원구   1.7600  0.2274  0.7644   음식  0.3543
7        통영시   1.7340  0.2369  0.7531   음식  0.3871
8        산청군   1.7315  0.2347  0.7520   음식  0.3671
9        밀양시   1.7290  0.2401  0.7509   음식  0.3814
=== 경상남도 시군구별 다양성 분석 요약 ===
다양성이 가장 높은 지역: 창원시 성산구 (섀넌지수: 1.840)
다양성이 가장 낮은 지역: 의령군 (섀넌지수: 1.548)
평균 섀넌 다양성 지수: 1.711
평균 HHI 지수: 0.245
분석 대상 시군구 수: 22개
상위 20% 다양성 지역: 창원시 성산구, 창원시 의창구, 양산시, 거제시, 김해시

============================================================
=== 광주광역시 시군구별 상세 다양성 분석 ===
============================================================
광주광역시 시군구별 다양성 분석 결과 (상위 10개 지역):
  시군구명  섀넌다양성지수   HHI지수     균등도 주요업종  주요업종비율
0   서구   1.8958  0.1881  0.8233   음식  0.2778
1   북구   1.8815  0.1922  0.8171   음식  0.2948
2   남구   1.8483  0.1989  0.8027   음식  0.3017
3  광산구   1.8367  0.2051  0.7977   음식  0.3233
4   동구   1.7994  0.2163  0.7815   소매  0.3213

=== 광주광역시 시군구별 다양성 분석 요약 ===
다양성이 가장 높은 지역: 서구 (섀넌지수: 1.896)
다양성이 가장 낮은 지역: 동구 (섀넌지수: 1.799)
평균 섀넌 다양성 지수: 1.852
평균 HHI 지수: 0.200
분석 대상 시군구 수: 5개
상위 20% 다양성 지역: 서구

============================================================
=== 부산광역시 시군구별 상세 다양성 분석 ===
============================================================
부산광역시 시군구별 다양성 분석 결과 (상위 10개 지역):
   시군구명  섀넌다양성지수   HHI지수     균등도 주요업종  주요업종비율
0  해운대구   1.9217  0.1857  0.8346   음식  0.2995
1   연제구   1.8765  0.1902  0.8150   음식  0.3143
2   강서구   1.8572  0.2029  0.8066   음식  0.3452
3    남구   1.8406  0.2071  0.7994   음식  0.3431
4   수영구   1.8272  0.2153  0.7936   음식  0.3648
5   동래구   1.8269  0.2126  0.7934   음식  0.3480
6  부산진구   1.8024  0.2182  0.7828   음식  0.3320
7   금정구   1.7924  0.2177  0.7785   음식  0.3487
8    북구   1.7857  0.2216  0.7755   음식  0.3502
9   기장군   1.7584  0.2346  0.7637   음식  0.3664

=== 부산광역시 시군구별 다양성 분석 요약 ===
다양성이 가장 높은 지역: 해운대구 (섀넌지수: 1.922)
다양성이 가장 낮은 지역: 중구 (섀넌지수: 1.565)
평균 섀넌 다양성 지수: 1.778
평균 HHI 지수: 0.225
분석 대상 시군구 수: 16개
상위 20% 다양성 지역: 해운대구, 연제구, 강서구

============================================================
=== 울산광역시 시군구별 상세 다양성 분석 ===
============================================================
울산광역시 시군구별 다양성 분석 결과 (상위 10개 지역):
  시군구명  섀넌다양성지수   HHI지수     균등도 주요업종  주요업종비율
0   남구   1.8446  0.2075  0.8011   음식  0.3409
1  울주군   1.7809  0.2337  0.7734   음식  0.3969
2   중구   1.7707  0.2224  0.7690   음식  0.3349
3   북구   1.7605  0.2314  0.7646   음식  0.3838
4   동구   1.6436  0.2664  0.7138   음식  0.4246

=== 울산광역시 시군구별 다양성 분석 요약 ===
다양성이 가장 높은 지역: 남구 (섀넌지수: 1.845)
다양성이 가장 낮은 지역: 동구 (섀넌지수: 1.644)
평균 섀넌 다양성 지수: 1.760
평균 HHI 지수: 0.232
분석 대상 시군구 수: 5개
상위 20% 다양성 지역: 남구

============================================================
=== 대전광역시 시군구별 상세 다양성 분석 ===
============================================================
대전광역시 시군구별 다양성 분석 결과 (상위 10개 지역):
  시군구명  섀넌다양성지수   HHI지수     균등도 주요업종  주요업종비율
0   서구   1.8776  0.1909  0.8154   음식  0.2954
1  유성구   1.8150  0.2122  0.7882   음식  0.3378
2   동구   1.7726  0.2223  0.7698   음식  0.3153
3   중구   1.7700  0.2230  0.7687   음식  0.3142
4  대덕구   1.7640  0.2204  0.7661   음식  0.3293

=== 대전광역시 시군구별 다양성 분석 요약 ===
다양성이 가장 높은 지역: 서구 (섀넌지수: 1.878)
다양성이 가장 낮은 지역: 대덕구 (섀넌지수: 1.764)
평균 섀넌 다양성 지수: 1.800
평균 HHI 지수: 0.214
분석 대상 시군구 수: 5개
상위 20% 다양성 지역: 서구

============================================================
=== 인천광역시 시군구별 상세 다양성 분석 ===
============================================================
인천광역시 시군구별 다양성 분석 결과 (상위 10개 지역):
   시군구명  섀넌다양성지수   HHI지수     균등도 주요업종  주요업종비율
0   연수구   1.9221  0.1854  0.8348   음식  0.3191
1   부평구   1.8713  0.1963  0.8127   음식  0.2941
2    서구   1.8559  0.1971  0.8060   음식  0.3093
3   계양구   1.8514  0.2005  0.8041   음식  0.3207
4   남동구   1.8322  0.2069  0.7957   음식  0.3384
5  미추홀구   1.8321  0.2058  0.7957   음식  0.3168
6    동구   1.8224  0.2060  0.7915   소매  0.3037
7    중구   1.7879  0.2351  0.7765   음식  0.3984
8   강화군   1.7767  0.2179  0.7716   음식  0.3416
9   옹진군   1.5949  0.2619  0.7259   음식  0.3583

=== 인천광역시 시군구별 다양성 분석 요약 ===
다양성이 가장 높은 지역: 연수구 (섀넌지수: 1.922)
다양성이 가장 낮은 지역: 옹진군 (섀넌지수: 1.595)
평균 섀넌 다양성 지수: 1.815
평균 HHI 지수: 0.211
분석 대상 시군구 수: 10개
상위 20% 다양성 지역: 연수구, 부평구

============================================================
=== 대구광역시 시군구별 상세 다양성 분석 ===
============================================================
대구광역시 시군구별 다양성 분석 결과 (상위 10개 지역):
  시군구명  섀넌다양성지수   HHI지수     균등도 주요업종  주요업종비율
0  수성구   1.9077  0.1814  0.8285   음식  0.3021
1  달서구   1.8104  0.2123  0.7862   음식  0.3452
2   동구   1.7968  0.2160  0.7803   음식  0.3323
3   남구   1.7836  0.2135  0.7746   음식  0.3238
4  달성군   1.7490  0.2329  0.7596   음식  0.3781
5   북구   1.7441  0.2297  0.7575   음식  0.3441
6   서구   1.7381  0.2294  0.7548   음식  0.3418
7   중구   1.6561  0.2680  0.7193   소매  0.4321

== 대구광역시 시군구별 다양성 분석 요약 ===
다양성이 가장 높은 지역: 수성구 (섀넌지수: 1.908)
다양성이 가장 낮은 지역: 중구 (섀넌지수: 1.656)
평균 섀넌 다양성 지수: 1.773
평균 HHI 지수: 0.223
분석 대상 시군구 수: 8개
상위 20% 다양성 지역: 수성구, 달서구

============================================================
=== 제주특별자치도 시군구별 상세 다양성 분석 ===
============================================================
제주특별자치도 시군구별 다양성 분석 결과 (상위 10개 지역):
   시군구명  섀넌다양성지수   HHI지수     균등도 주요업종  주요업종비율
0   제주시   1.9191  0.1893  0.8334   음식  0.3293
1  서귀포시   1.8090  0.2185  0.7856   음식  0.3725

=== 제주특별자치도 시군구별 다양성 분석 요약 ===
다양성이 가장 높은 지역: 제주시 (섀넌지수: 1.919)
다양성이 가장 낮은 지역: 서귀포시 (섀넌지수: 1.809)
평균 섀넌 다양성 지수: 1.864
평균 HHI 지수: 0.204
분석 대상 시군구 수: 2개

============================================================
=== 세종특별자치시 시군구별 상세 다양성 분석 ===
============================================================
세종특별자치시 시군구별 다양성 분석 결과 (상위 10개 지역):
      시군구명  섀넌다양성지수   HHI지수     균등도 주요업종  주요업종비율
0  세종특별자치시   1.9219  0.1853  0.8347   음식  0.3248

=== 세종특별자치시 시군구별 다양성 분석 요약 ===
다양성이 가장 높은 지역: 세종특별자치시 (섀넌지수: 1.922)
다양성이 가장 낮은 지역: 세종특별자치시 (섀넌지수: 1.922)
평균 섀넌 다양성 지수: 1.922
평균 HHI 지수: 0.185
분석 대상 시군구 수: 1개

================================================================================
=== 전체 시도별 다양성 비교 분석 ===
================================================================================
시도별 다양성 지수 종합 비교:
          섀넌평균  HHI평균      평균상가수  시군구수
시도명                                   
세종특별자치시  1.922  0.185  13690.000     1
서울특별시    1.892  0.190  18970.400    25
경기도      1.874  0.195  13207.357    42
제주특별자치도  1.864  0.204  26958.500     2
광주광역시    1.852  0.200  14569.200     5
인천광역시    1.815  0.211  11234.300    10
대전광역시    1.800  0.214  14500.000     5
부산광역시    1.778  0.225   9347.938    16
대구광역시    1.773  0.223  13934.000     8
울산광역시    1.760  0.232  10460.200     5
강원도      1.742  0.232   5305.722    18
충청북도     1.737  0.236   5968.286    14
충청남도     1.731  0.237   6825.188    16
전라북도     1.719  0.239   6176.933    15
전라남도     1.712  0.241   4333.455    22
경상남도     1.711  0.245   7453.318    22
경상북도     1.681  0.251   5687.833    24

전국 다양성 TOP 20 지역:
         시도명     시군구명  섀넌다양성지수  HHI지수  전체상가수
0      서울특별시      동작구    1.966  0.178  11625
25       경기도  용인시 수지구    1.963  0.168   9862
26       경기도  성남시 수정구    1.955  0.178  10436
1      서울특별시      송파구    1.952  0.170  29691
2      서울특별시      강서구    1.950  0.172  23419
3      서울특별시      강남구    1.944  0.179  55953
27       경기도  성남시 분당구    1.941  0.174  20089
28       경기도  용인시 기흥구    1.941  0.170  15056
4      서울특별시      양천구    1.938  0.174  13577
29       경기도      양평군    1.937  0.182   6834
5      서울특별시      강동구    1.934  0.181  16259
6      서울특별시      관악구    1.931  0.185  17412
30       경기도  수원시 영통구    1.931  0.175  14264
31       경기도  안양시 동안구    1.929  0.174  14639
32       경기도  안산시 단원구    1.924  0.186  18561
229    인천광역시      연수구    1.922  0.185  12784
249  세종특별자치시  세종특별자치시    1.922  0.185  13690
203    부산광역시     해운대구    1.922  0.186  16389
7      서울특별시     서대문구    1.920  0.188  12331
33       경기도      하남시    1.920  0.174  15361

각 시도별 최고 다양성 지역:
서울특별시: 동작구 (섀넌지수: 1.966)
경기도: 용인시 수지구 (섀넌지수: 1.963)
강원도: 춘천시 (섀넌지수: 1.829)
충청남도: 천안시 서북구 (섀넌지수: 1.851)
충청북도: 청주시 흥덕구 (섀넌지수: 1.827)
전라남도: 나주시 (섀넌지수: 1.843)
전라북도: 전주시 덕진구 (섀넌지수: 1.887)
경상북도: 구미시 (섀넌지수: 1.779)
경상남도: 창원시 성산구 (섀넌지수: 1.840)
광주광역시: 서구 (섀넌지수: 1.896)
부산광역시: 해운대구 (섀넌지수: 1.922)
울산광역시: 남구 (섀넌지수: 1.845)
대전광역시: 서구 (섀넌지수: 1.878)
인천광역시: 연수구 (섀넌지수: 1.922)
대구광역시: 수성구 (섀넌지수: 1.908)
제주특별자치도: 제주시 (섀넌지수: 1.919)
세종특별자치시: 세종특별자치시 (섀넌지수: 1.922)